=== 作业信息 ===
节点: node804
GPU: 1 (ID: 0)
CPU核心: 4
内存: 20480 MB
开始时间: Sun  3 Aug 17:06:22 BST 2025
=== 激活环境 ===
/var/spool/slurmd/job4093356/slurm_script: line 25: --version: command not found
Python版本: 
当前环境: cgtest
=== 开始训练 ===
============================================================
具身计数模型训练配置
============================================================
基础配置:
  device: cuda
  batch_size: 16
  learning_rate: 0.0001
  total_epochs: 350
  image_mode: rgb

数据配置:
  data_root: /mnt/iusers01/fatpou01/compsci01/k09562zs/scratch/Ball_counting_CNN/ball_data_collection
  train_csv: scratch/Ball_counting_CNN/Tools_script/ball_counting_dataset_train_5.csv
  val_csv: scratch/Ball_counting_CNN/Tools_script/ball_counting_dataset_val.csv
  sequence_length: 11
  normalize: True

训练阶段:
  stage_1_epochs: 0
  stage_2_epochs: 350

模型配置:
  cnn_layers: 3
  cnn_channels: [64, 128, 256]
  lstm_layers: 1
  lstm_hidden_size: 512
  feature_dim: 256
  attention_heads: 1
  joint_dim: 7
  dropout: 0.1

保存配置:
  save_dir: ./scratch/Ball_counting_CNN/Final_result/Embodiment_Full/5data/check_points
  log_dir: ./scratch/Ball_counting_CNN/Final_result/Embodiment_Full/5data/logs
  save_every: 2
============================================================
所有路径验证通过
配置保存到: ./scratch/Ball_counting_CNN/Final_result/Embodiment_Full/5data/check_points/embodied_config.json

正在初始化具身计数模型训练器...
图像模式: RGB
关节维度: 7
=== 创建数据加载器 - 图像模式: RGB ===
归一化统计信息已从 /mnt/iusers01/fatpou01/compsci01/k09562zs/scratch/Ball_counting_CNN/ball_data_collection/ball_normalization_stats.json 加载
图像处理模式: rgb
图像标准化: True
使用ImageNet标准化参数
归一化统计信息已从 /mnt/iusers01/fatpou01/compsci01/k09562zs/scratch/Ball_counting_CNN/ball_data_collection/ball_normalization_stats.json 加载
图像处理模式: rgb
图像标准化: True
使用ImageNet标准化参数
Model initialized with 3,004,946 parameters
Training data: 46 samples
Validation data: 242 samples
Image mode: RGB (3 channels)

开始训练具身计数模型...
训练阶段:
  阶段1 (0-0): 预训练视觉特征+具身编码
  阶段2 (0-350): 联合训练
  阶段3 (350-350): 精调计数

开始训练，总计 350 个epoch
每 2 个epoch保存一次模型
使用设备: cuda
进行初始验证...
Checkpoint saved: ./scratch/Ball_counting_CNN/Final_result/Embodiment_Full/5data/check_points/initial_model.pth
初始模型已保存，初始验证准确率: 0.0320

=== 开始 stage_1: 预训练视觉特征 + 具身编码 ===
模块 'visual' 已解冻
模块 'embodiment' 已解冻
模块 'fusion' 已解冻
模块 'lstm' 已解冻
模块 'counting' 已冻结
模块 'motion' 已解冻
冻结模块: ['counting']
损失权重: {'motion': 1.0, 'count': 0.0}
学习率已重置为 0.0001

=== 开始 stage_2: 联合训练 ===
模块 'visual' 已解冻
模块 'embodiment' 已解冻
模块 'fusion' 已解冻
模块 'lstm' 已解冻
模块 'counting' 已解冻
模块 'motion' 已解冻
冻结模块: []
损失权重: {'motion': 0.3, 'count': 1.0}
学习率已重置为 0.0001
Epoch [0] Batch [0/3] Loss: 2.6563 Count Loss: 2.4215 Motion Loss: 0.7826 Count Acc: 0.0398

Epoch [0] - Time: 16.58s
Train Loss: 2.6945 | Val Loss: 2.7013
Train Count Acc: 0.0241 | Val Count Acc: 0.0320
Final Count Acc: 0.0469
True Final Count Acc: 0.0469
Joint MSE: 0.934053
学习率: 0.000100
Checkpoint saved: ./scratch/Ball_counting_CNN/Final_result/Embodiment_Full/5data/check_points/best_model.pth
Epoch [1] Batch [0/3] Loss: 2.6490 Count Loss: 2.4185 Motion Loss: 0.7684 Count Acc: 0.0057

Epoch [1] - Time: 11.01s
Train Loss: 2.6873 | Val Loss: 2.6936
Train Count Acc: 0.0252 | Val Count Acc: 0.0320
Final Count Acc: 0.0469
True Final Count Acc: 0.0469
Joint MSE: 0.929348
学习率: 0.000100
Checkpoint saved: ./scratch/Ball_counting_CNN/Final_result/Embodiment_Full/5data/check_points/checkpoint_epoch_1.pth
Epoch [2] Batch [0/3] Loss: 2.6030 Count Loss: 2.4227 Motion Loss: 0.6012 Count Acc: 0.0511

Epoch [2] - Time: 10.77s
Train Loss: 2.6793 | Val Loss: 2.6876
Train Count Acc: 0.0235 | Val Count Acc: 0.0320
Final Count Acc: 0.0469
True Final Count Acc: 0.0469
Joint MSE: 0.924645
学习率: 0.000100
Epoch [3] Batch [0/3] Loss: 2.6462 Count Loss: 2.4129 Motion Loss: 0.7778 Count Acc: 0.0000

Epoch [3] - Time: 10.46s
Train Loss: 2.6723 | Val Loss: 2.6804
Train Count Acc: 0.0233 | Val Count Acc: 0.0277
Final Count Acc: 0.0469
True Final Count Acc: 0.0469
Joint MSE: 0.918216
学习率: 0.000100
Checkpoint saved: ./scratch/Ball_counting_CNN/Final_result/Embodiment_Full/5data/check_points/checkpoint_epoch_3.pth
Epoch [4] Batch [0/3] Loss: 2.6864 Count Loss: 2.4019 Motion Loss: 0.9485 Count Acc: 0.0114

Epoch [4] - Time: 10.84s
Train Loss: 2.6656 | Val Loss: 2.6699
Train Count Acc: 0.0154 | Val Count Acc: 0.0192
Final Count Acc: 0.0000
True Final Count Acc: 0.0000
Joint MSE: 0.910140
学习率: 0.000100
Epoch [5] Batch [0/3] Loss: 2.6411 Count Loss: 2.3853 Motion Loss: 0.8528 Count Acc: 0.0455

Epoch [5] - Time: 10.87s
Train Loss: 2.6467 | Val Loss: 2.6532
Train Count Acc: 0.0763 | Val Count Acc: 0.2585
Final Count Acc: 0.3086
True Final Count Acc: 0.0000
Joint MSE: 0.898395
学习率: 0.000100
Checkpoint saved: ./scratch/Ball_counting_CNN/Final_result/Embodiment_Full/5data/check_points/best_model.pth
Checkpoint saved: ./scratch/Ball_counting_CNN/Final_result/Embodiment_Full/5data/check_points/checkpoint_epoch_5.pth
Epoch [6] Batch [0/3] Loss: 2.6439 Count Loss: 2.3775 Motion Loss: 0.8879 Count Acc: 0.2557

Epoch [6] - Time: 10.57s
Train Loss: 2.6163 | Val Loss: 2.6236
Train Count Acc: 0.3360 | Val Count Acc: 0.3498
Final Count Acc: 0.3164
True Final Count Acc: 0.3164
Joint MSE: 0.881126
学习率: 0.000100
Checkpoint saved: ./scratch/Ball_counting_CNN/Final_result/Embodiment_Full/5data/check_points/best_model.pth
Epoch [7] Batch [0/3] Loss: 2.6015 Count Loss: 2.3599 Motion Loss: 0.8053 Count Acc: 0.2955

Epoch [7] - Time: 10.75s
Train Loss: 2.5607 | Val Loss: 2.5838
Train Count Acc: 0.3734 | Val Count Acc: 0.3498
Final Count Acc: 0.3164
True Final Count Acc: 0.3164
Joint MSE: 0.866304
学习率: 0.000100
Checkpoint saved: ./scratch/Ball_counting_CNN/Final_result/Embodiment_Full/5data/check_points/checkpoint_epoch_7.pth
Epoch [8] Batch [0/3] Loss: 2.4918 Count Loss: 2.2831 Motion Loss: 0.6958 Count Acc: 0.3466

Epoch [8] - Time: 11.26s
Train Loss: 2.4806 | Val Loss: 2.5230
Train Count Acc: 0.3758 | Val Count Acc: 0.3498
Final Count Acc: 0.3164
True Final Count Acc: 0.3164
Joint MSE: 0.867097
学习率: 0.000100
Epoch [9] Batch [0/3] Loss: 2.4297 Count Loss: 2.2148 Motion Loss: 0.7162 Count Acc: 0.2955

Epoch [9] - Time: 10.84s
Train Loss: 2.3968 | Val Loss: 2.4476
Train Count Acc: 0.3782 | Val Count Acc: 0.3498
Final Count Acc: 0.3164
True Final Count Acc: 0.3164
Joint MSE: 0.907533
学习率: 0.000100
Checkpoint saved: ./scratch/Ball_counting_CNN/Final_result/Embodiment_Full/5data/check_points/checkpoint_epoch_9.pth
Epoch [10] Batch [0/3] Loss: 2.1760 Count Loss: 1.9802 Motion Loss: 0.6529 Count Acc: 0.5000

Epoch [10] - Time: 10.70s
Train Loss: 2.3234 | Val Loss: 2.3685
Train Count Acc: 0.3758 | Val Count Acc: 0.3498
Final Count Acc: 0.3164
True Final Count Acc: 0.3164
Joint MSE: 0.956467
学习率: 0.000100
Epoch [11] Batch [0/3] Loss: 2.2356 Count Loss: 1.9845 Motion Loss: 0.8373 Count Acc: 0.3466

Epoch [11] - Time: 10.58s
Train Loss: 2.2538 | Val Loss: 2.3071
Train Count Acc: 0.3709 | Val Count Acc: 0.3498
Final Count Acc: 0.3164
True Final Count Acc: 0.3164
Joint MSE: 0.929596
学习率: 0.000100
Checkpoint saved: ./scratch/Ball_counting_CNN/Final_result/Embodiment_Full/5data/check_points/checkpoint_epoch_11.pth
Epoch [12] Batch [0/3] Loss: 2.1860 Count Loss: 1.9201 Motion Loss: 0.8864 Count Acc: 0.3977

Epoch [12] - Time: 10.87s
Train Loss: 2.1950 | Val Loss: 2.2666
Train Count Acc: 0.3685 | Val Count Acc: 0.3498
Final Count Acc: 0.3164
True Final Count Acc: 0.3164
Joint MSE: 0.883253
学习率: 0.000100
Epoch [13] Batch [0/3] Loss: 2.0782 Count Loss: 1.8507 Motion Loss: 0.7582 Count Acc: 0.3977

Epoch [13] - Time: 10.82s
Train Loss: 2.1550 | Val Loss: 2.2435
Train Count Acc: 0.3685 | Val Count Acc: 0.3498
Final Count Acc: 0.3164
True Final Count Acc: 0.3164
Joint MSE: 0.859917
学习率: 0.000100
Checkpoint saved: ./scratch/Ball_counting_CNN/Final_result/Embodiment_Full/5data/check_points/checkpoint_epoch_13.pth
Epoch [14] Batch [0/3] Loss: 2.0944 Count Loss: 1.8783 Motion Loss: 0.7204 Count Acc: 0.3977

Epoch [14] - Time: 10.56s
Train Loss: 2.1159 | Val Loss: 2.2272
Train Count Acc: 0.3758 | Val Count Acc: 0.3498
Final Count Acc: 0.3164
True Final Count Acc: 0.3164
Joint MSE: 0.851781
学习率: 0.000100
Epoch [15] Batch [0/3] Loss: 2.1160 Count Loss: 1.9382 Motion Loss: 0.5928 Count Acc: 0.3977

Epoch [15] - Time: 11.28s
Train Loss: 2.0846 | Val Loss: 2.2144
Train Count Acc: 0.3734 | Val Count Acc: 0.3498
Final Count Acc: 0.3164
True Final Count Acc: 0.3164
Joint MSE: 0.847309
学习率: 0.000100
Checkpoint saved: ./scratch/Ball_counting_CNN/Final_result/Embodiment_Full/5data/check_points/checkpoint_epoch_15.pth
Epoch [16] Batch [0/3] Loss: 1.9831 Count Loss: 1.7271 Motion Loss: 0.8533 Count Acc: 0.4489

Epoch [16] - Time: 10.53s
Train Loss: 2.0809 | Val Loss: 2.1988
Train Count Acc: 0.3709 | Val Count Acc: 0.3498
Final Count Acc: 0.3164
True Final Count Acc: 0.3164
Joint MSE: 0.844606
学习率: 0.000100
Epoch [17] Batch [0/3] Loss: 1.9937 Count Loss: 1.8307 Motion Loss: 0.5435 Count Acc: 0.2955

Epoch [17] - Time: 10.59s
Train Loss: 2.0350 | Val Loss: 2.1810
Train Count Acc: 0.3856 | Val Count Acc: 0.3498
Final Count Acc: 0.3164
True Final Count Acc: 0.3164
Joint MSE: 0.845264
学习率: 0.000100
Checkpoint saved: ./scratch/Ball_counting_CNN/Final_result/Embodiment_Full/5data/check_points/checkpoint_epoch_17.pth
Epoch [18] Batch [0/3] Loss: 2.2656 Count Loss: 2.0795 Motion Loss: 0.6204 Count Acc: 0.1932

Epoch [18] - Time: 10.63s
Train Loss: 1.9998 | Val Loss: 2.1567
Train Count Acc: 0.3807 | Val Count Acc: 0.3498
Final Count Acc: 0.3164
True Final Count Acc: 0.3164
Joint MSE: 0.847390
学习率: 0.000100
Epoch [19] Batch [0/3] Loss: 1.8920 Count Loss: 1.6342 Motion Loss: 0.8593 Count Acc: 0.4489

Epoch [19] - Time: 10.74s
Train Loss: 1.9800 | Val Loss: 2.1476
Train Count Acc: 0.3758 | Val Count Acc: 0.3498
Final Count Acc: 0.3164
True Final Count Acc: 0.3164
Joint MSE: 0.846418
学习率: 0.000100
Checkpoint saved: ./scratch/Ball_counting_CNN/Final_result/Embodiment_Full/5data/check_points/checkpoint_epoch_19.pth
Epoch [20] Batch [0/3] Loss: 1.8152 Count Loss: 1.5808 Motion Loss: 0.7813 Count Acc: 0.3977

Epoch [20] - Time: 10.73s
Train Loss: 1.9555 | Val Loss: 2.1324
Train Count Acc: 0.3734 | Val Count Acc: 0.3498
Final Count Acc: 0.3164
True Final Count Acc: 0.3164
Joint MSE: 0.844169
学习率: 0.000100
Epoch [21] Batch [0/3] Loss: 1.8670 Count Loss: 1.6459 Motion Loss: 0.7368 Count Acc: 0.3977

Epoch [21] - Time: 10.73s
Train Loss: 1.9275 | Val Loss: 2.0833
Train Count Acc: 0.3734 | Val Count Acc: 0.3498
Final Count Acc: 0.3164
True Final Count Acc: 0.3164
Joint MSE: 0.844600
学习率: 0.000100
Checkpoint saved: ./scratch/Ball_counting_CNN/Final_result/Embodiment_Full/5data/check_points/checkpoint_epoch_21.pth
Epoch [22] Batch [0/3] Loss: 1.9092 Count Loss: 1.7110 Motion Loss: 0.6606 Count Acc: 0.3409

Epoch [22] - Time: 11.05s
Train Loss: 1.8592 | Val Loss: 2.0636
Train Count Acc: 0.3739 | Val Count Acc: 0.3498
Final Count Acc: 0.3164
True Final Count Acc: 0.3164
Joint MSE: 0.845229
学习率: 0.000100
Epoch [23] Batch [0/3] Loss: 1.6395 Count Loss: 1.3851 Motion Loss: 0.8480 Count Acc: 0.5000

Epoch [23] - Time: 10.73s
Train Loss: 1.8431 | Val Loss: 2.0265
Train Count Acc: 0.3690 | Val Count Acc: 0.3498
Final Count Acc: 0.3164
True Final Count Acc: 0.3164
Joint MSE: 0.844230
学习率: 0.000100
Checkpoint saved: ./scratch/Ball_counting_CNN/Final_result/Embodiment_Full/5data/check_points/checkpoint_epoch_23.pth
Epoch [24] Batch [0/3] Loss: 2.0980 Count Loss: 1.8878 Motion Loss: 0.7005 Count Acc: 0.1989

Epoch [24] - Time: 10.69s
Train Loss: 1.8110 | Val Loss: 2.0356
Train Count Acc: 0.4040 | Val Count Acc: 0.3619
Final Count Acc: 0.3125
True Final Count Acc: 0.3164
Joint MSE: 0.839782
学习率: 0.000100
Checkpoint saved: ./scratch/Ball_counting_CNN/Final_result/Embodiment_Full/5data/check_points/best_model.pth
Epoch [25] Batch [0/3] Loss: 1.7654 Count Loss: 1.5526 Motion Loss: 0.7094 Count Acc: 0.4261

Epoch [25] - Time: 10.72s
Train Loss: 1.7291 | Val Loss: 1.9846
Train Count Acc: 0.4180 | Val Count Acc: 0.3626
Final Count Acc: 0.3320
True Final Count Acc: 0.3164
Joint MSE: 0.831977
学习率: 0.000100
Checkpoint saved: ./scratch/Ball_counting_CNN/Final_result/Embodiment_Full/5data/check_points/best_model.pth
Checkpoint saved: ./scratch/Ball_counting_CNN/Final_result/Embodiment_Full/5data/check_points/checkpoint_epoch_25.pth
Epoch [26] Batch [0/3] Loss: 1.9834 Count Loss: 1.7441 Motion Loss: 0.7974 Count Acc: 0.3068

Epoch [26] - Time: 10.74s
Train Loss: 1.7204 | Val Loss: 1.9609
Train Count Acc: 0.4140 | Val Count Acc: 0.3714
Final Count Acc: 0.3359
True Final Count Acc: 0.3164
Joint MSE: 0.831754
学习率: 0.000100
Checkpoint saved: ./scratch/Ball_counting_CNN/Final_result/Embodiment_Full/5data/check_points/best_model.pth
Epoch [27] Batch [0/3] Loss: 1.6276 Count Loss: 1.4365 Motion Loss: 0.6371 Count Acc: 0.3807

Epoch [27] - Time: 10.73s
Train Loss: 1.6631 | Val Loss: 1.9524
Train Count Acc: 0.4053 | Val Count Acc: 0.3700
Final Count Acc: 0.2617
True Final Count Acc: 0.3320
Joint MSE: 0.845314
学习率: 0.000100
Checkpoint saved: ./scratch/Ball_counting_CNN/Final_result/Embodiment_Full/5data/check_points/checkpoint_epoch_27.pth
Epoch [28] Batch [0/3] Loss: 1.4413 Count Loss: 1.2184 Motion Loss: 0.7429 Count Acc: 0.5284

Epoch [28] - Time: 10.71s
Train Loss: 1.6543 | Val Loss: 1.8743
Train Count Acc: 0.4440 | Val Count Acc: 0.3786
Final Count Acc: 0.3320
True Final Count Acc: 0.3203
Joint MSE: 0.843039
学习率: 0.000100
Checkpoint saved: ./scratch/Ball_counting_CNN/Final_result/Embodiment_Full/5data/check_points/best_model.pth
Epoch [29] Batch [0/3] Loss: 1.4321 Count Loss: 1.2006 Motion Loss: 0.7715 Count Acc: 0.5511

Epoch [29] - Time: 11.16s
Train Loss: 1.6292 | Val Loss: 1.8953
Train Count Acc: 0.4332 | Val Count Acc: 0.3690
Final Count Acc: 0.2852
True Final Count Acc: 0.3438
Joint MSE: 0.855142
学习率: 0.000100
Checkpoint saved: ./scratch/Ball_counting_CNN/Final_result/Embodiment_Full/5data/check_points/checkpoint_epoch_29.pth
Epoch [30] Batch [0/3] Loss: 1.7897 Count Loss: 1.5741 Motion Loss: 0.7189 Count Acc: 0.3580

Epoch [30] - Time: 10.71s
Train Loss: 1.6343 | Val Loss: 2.0052
Train Count Acc: 0.4678 | Val Count Acc: 0.3129
Final Count Acc: 0.2344
True Final Count Acc: 0.4258
Joint MSE: 0.866610
学习率: 0.000100
Epoch [31] Batch [0/3] Loss: 1.6514 Count Loss: 1.4497 Motion Loss: 0.6726 Count Acc: 0.5170

Epoch [31] - Time: 10.74s
Train Loss: 1.5308 | Val Loss: 1.8546
Train Count Acc: 0.5160 | Val Count Acc: 0.3619
Final Count Acc: 0.3008
True Final Count Acc: 0.3242
Joint MSE: 0.846364
学习率: 0.000100
Checkpoint saved: ./scratch/Ball_counting_CNN/Final_result/Embodiment_Full/5data/check_points/checkpoint_epoch_31.pth
Epoch [32] Batch [0/3] Loss: 1.4853 Count Loss: 1.2794 Motion Loss: 0.6863 Count Acc: 0.5000

Epoch [32] - Time: 10.67s
Train Loss: 1.5693 | Val Loss: 1.8695
Train Count Acc: 0.4364 | Val Count Acc: 0.3640
Final Count Acc: 0.2773
True Final Count Acc: 0.3750
Joint MSE: 0.844658
学习率: 0.000100
Epoch [33] Batch [0/3] Loss: 1.4308 Count Loss: 1.2256 Motion Loss: 0.6840 Count Acc: 0.5455

Epoch [33] - Time: 10.75s
Train Loss: 1.4851 | Val Loss: 1.9724
Train Count Acc: 0.5346 | Val Count Acc: 0.3050
Final Count Acc: 0.2188
True Final Count Acc: 0.4375
Joint MSE: 0.848037
学习率: 0.000100
Checkpoint saved: ./scratch/Ball_counting_CNN/Final_result/Embodiment_Full/5data/check_points/checkpoint_epoch_33.pth
Epoch [34] Batch [0/3] Loss: 1.7790 Count Loss: 1.6030 Motion Loss: 0.5868 Count Acc: 0.4375

Epoch [34] - Time: 10.66s
Train Loss: 1.4606 | Val Loss: 1.8140
Train Count Acc: 0.5663 | Val Count Acc: 0.3771
Final Count Acc: 0.3125
True Final Count Acc: 0.3281
Joint MSE: 0.833599
学习率: 0.000100
Epoch [35] Batch [0/3] Loss: 1.3312 Count Loss: 1.1129 Motion Loss: 0.7277 Count Acc: 0.5057

Epoch [35] - Time: 10.65s
Train Loss: 1.5804 | Val Loss: 1.8516
Train Count Acc: 0.4115 | Val Count Acc: 0.3775
Final Count Acc: 0.3438
True Final Count Acc: 0.3203
Joint MSE: 0.838187
学习率: 0.000100
Checkpoint saved: ./scratch/Ball_counting_CNN/Final_result/Embodiment_Full/5data/check_points/checkpoint_epoch_35.pth
Epoch [36] Batch [0/3] Loss: 1.5325 Count Loss: 1.3641 Motion Loss: 0.5612 Count Acc: 0.3807

Epoch [36] - Time: 10.75s
Train Loss: 1.4733 | Val Loss: 1.9397
Train Count Acc: 0.4497 | Val Count Acc: 0.3281
Final Count Acc: 0.2812
True Final Count Acc: 0.3594
Joint MSE: 0.846366
学习率: 0.000100
Epoch [37] Batch [0/3] Loss: 1.5288 Count Loss: 1.3299 Motion Loss: 0.6630 Count Acc: 0.4489

Epoch [37] - Time: 11.14s
Train Loss: 1.5946 | Val Loss: 1.9283
Train Count Acc: 0.4665 | Val Count Acc: 0.3189
Final Count Acc: 0.2227
True Final Count Acc: 0.3750
Joint MSE: 0.837181
学习率: 0.000100
Checkpoint saved: ./scratch/Ball_counting_CNN/Final_result/Embodiment_Full/5data/check_points/checkpoint_epoch_37.pth
Epoch [38] Batch [0/3] Loss: 1.7598 Count Loss: 1.5601 Motion Loss: 0.6656 Count Acc: 0.3636

Epoch [38] - Time: 10.55s
Train Loss: 1.4387 | Val Loss: 1.8966
Train Count Acc: 0.5279 | Val Count Acc: 0.3690
Final Count Acc: 0.3125
True Final Count Acc: 0.3359
Joint MSE: 0.835962
学习率: 0.000100
Epoch [39] Batch [0/3] Loss: 1.4794 Count Loss: 1.2820 Motion Loss: 0.6580 Count Acc: 0.4659

Epoch [39] - Time: 10.47s
Train Loss: 1.6262 | Val Loss: 2.0617
Train Count Acc: 0.4340 | Val Count Acc: 0.3587
Final Count Acc: 0.3242
True Final Count Acc: 0.3203
Joint MSE: 0.871841
学习率: 0.000100
Checkpoint saved: ./scratch/Ball_counting_CNN/Final_result/Embodiment_Full/5data/check_points/checkpoint_epoch_39.pth
Epoch [40] Batch [0/3] Loss: 2.0975 Count Loss: 1.8735 Motion Loss: 0.7465 Count Acc: 0.2898

Epoch [40] - Time: 10.85s
Train Loss: 1.5972 | Val Loss: 1.8305
Train Count Acc: 0.4551 | Val Count Acc: 0.4066
Final Count Acc: 0.3086
True Final Count Acc: 0.4062
Joint MSE: 0.822970
学习率: 0.000100
Checkpoint saved: ./scratch/Ball_counting_CNN/Final_result/Embodiment_Full/5data/check_points/best_model.pth
Epoch [41] Batch [0/3] Loss: 1.5689 Count Loss: 1.3352 Motion Loss: 0.7789 Count Acc: 0.5739

Epoch [41] - Time: 11.13s
Train Loss: 1.3771 | Val Loss: 1.8810
Train Count Acc: 0.6199 | Val Count Acc: 0.3516
Final Count Acc: 0.2188
True Final Count Acc: 0.3945
Joint MSE: 0.822304
学习率: 0.000100
Checkpoint saved: ./scratch/Ball_counting_CNN/Final_result/Embodiment_Full/5data/check_points/checkpoint_epoch_41.pth
Epoch [42] Batch [0/3] Loss: 1.4119 Count Loss: 1.2234 Motion Loss: 0.6282 Count Acc: 0.5511

Epoch [42] - Time: 10.79s
Train Loss: 1.3813 | Val Loss: 1.7659
Train Count Acc: 0.5966 | Val Count Acc: 0.4098
Final Count Acc: 0.3086
True Final Count Acc: 0.3711
Joint MSE: 0.824755
学习率: 0.000100
Checkpoint saved: ./scratch/Ball_counting_CNN/Final_result/Embodiment_Full/5data/check_points/best_model.pth
Epoch [43] Batch [0/3] Loss: 1.1404 Count Loss: 0.9288 Motion Loss: 0.7055 Count Acc: 0.7500

Epoch [43] - Time: 10.74s
Train Loss: 1.3046 | Val Loss: 1.7651
Train Count Acc: 0.5806 | Val Count Acc: 0.4141
Final Count Acc: 0.3164
True Final Count Acc: 0.3438
Joint MSE: 0.823833
学习率: 0.000100
Checkpoint saved: ./scratch/Ball_counting_CNN/Final_result/Embodiment_Full/5data/check_points/best_model.pth
Checkpoint saved: ./scratch/Ball_counting_CNN/Final_result/Embodiment_Full/5data/check_points/checkpoint_epoch_43.pth
Epoch [44] Batch [0/3] Loss: 1.3601 Count Loss: 1.1684 Motion Loss: 0.6392 Count Acc: 0.4886

Epoch [44] - Time: 11.15s
Train Loss: 1.2858 | Val Loss: 1.7302
Train Count Acc: 0.5525 | Val Count Acc: 0.4066
Final Count Acc: 0.3086
True Final Count Acc: 0.3789
Joint MSE: 0.815980
学习率: 0.000100
Epoch [45] Batch [0/3] Loss: 1.2222 Count Loss: 0.9789 Motion Loss: 0.8109 Count Acc: 0.6648

Epoch [45] - Time: 10.76s
Train Loss: 1.2380 | Val Loss: 1.7288
Train Count Acc: 0.6326 | Val Count Acc: 0.4070
Final Count Acc: 0.2812
True Final Count Acc: 0.3906
Joint MSE: 0.816194
学习率: 0.000100
Checkpoint saved: ./scratch/Ball_counting_CNN/Final_result/Embodiment_Full/5data/check_points/checkpoint_epoch_45.pth
Epoch [46] Batch [0/3] Loss: 1.0491 Count Loss: 0.8344 Motion Loss: 0.7154 Count Acc: 0.7216

Epoch [46] - Time: 10.57s
Train Loss: 1.2420 | Val Loss: 1.7275
Train Count Acc: 0.5950 | Val Count Acc: 0.4148
Final Count Acc: 0.2812
True Final Count Acc: 0.3945
Joint MSE: 0.822133
学习率: 0.000100
Checkpoint saved: ./scratch/Ball_counting_CNN/Final_result/Embodiment_Full/5data/check_points/best_model.pth
Epoch [47] Batch [0/3] Loss: 0.9996 Count Loss: 0.8048 Motion Loss: 0.6493 Count Acc: 0.7898

Epoch [47] - Time: 10.61s
Train Loss: 1.1761 | Val Loss: 1.7254
Train Count Acc: 0.6591 | Val Count Acc: 0.4350
Final Count Acc: 0.3086
True Final Count Acc: 0.4023
Joint MSE: 0.827827
学习率: 0.000100
Checkpoint saved: ./scratch/Ball_counting_CNN/Final_result/Embodiment_Full/5data/check_points/best_model.pth
Checkpoint saved: ./scratch/Ball_counting_CNN/Final_result/Embodiment_Full/5data/check_points/checkpoint_epoch_47.pth
Epoch [48] Batch [0/3] Loss: 1.1164 Count Loss: 0.8615 Motion Loss: 0.8498 Count Acc: 0.7727

Epoch [48] - Time: 10.69s
Train Loss: 1.1585 | Val Loss: 1.7098
Train Count Acc: 0.6821 | Val Count Acc: 0.4677
Final Count Acc: 0.3086
True Final Count Acc: 0.3984
Joint MSE: 0.822441
学习率: 0.000100
Checkpoint saved: ./scratch/Ball_counting_CNN/Final_result/Embodiment_Full/5data/check_points/best_model.pth
Epoch [49] Batch [0/3] Loss: 1.3318 Count Loss: 1.1592 Motion Loss: 0.5754 Count Acc: 0.5455

Epoch [49] - Time: 10.52s
Train Loss: 1.1485 | Val Loss: 1.7315
Train Count Acc: 0.6799 | Val Count Acc: 0.4631
Final Count Acc: 0.2969
True Final Count Acc: 0.4297
Joint MSE: 0.825929
学习率: 0.000100
Checkpoint saved: ./scratch/Ball_counting_CNN/Final_result/Embodiment_Full/5data/check_points/checkpoint_epoch_49.pth
Epoch [50] Batch [0/3] Loss: 1.2188 Count Loss: 1.0477 Motion Loss: 0.5702 Count Acc: 0.6250

Epoch [50] - Time: 10.73s
Train Loss: 1.1263 | Val Loss: 1.7662
Train Count Acc: 0.7002 | Val Count Acc: 0.4496
Final Count Acc: 0.2695
True Final Count Acc: 0.4570
Joint MSE: 0.827694
学习率: 0.000100
Epoch [51] Batch [0/3] Loss: 1.1576 Count Loss: 0.9514 Motion Loss: 0.6875 Count Acc: 0.6932

Epoch [51] - Time: 11.34s
Train Loss: 1.1108 | Val Loss: 1.7056
Train Count Acc: 0.7110 | Val Count Acc: 0.4897
Final Count Acc: 0.3125
True Final Count Acc: 0.4453
Joint MSE: 0.822619
学习率: 0.000100
Checkpoint saved: ./scratch/Ball_counting_CNN/Final_result/Embodiment_Full/5data/check_points/best_model.pth
Checkpoint saved: ./scratch/Ball_counting_CNN/Final_result/Embodiment_Full/5data/check_points/checkpoint_epoch_51.pth
Epoch [52] Batch [0/3] Loss: 1.1135 Count Loss: 0.9100 Motion Loss: 0.6783 Count Acc: 0.7045

Epoch [52] - Time: 10.80s
Train Loss: 1.2047 | Val Loss: 1.9758
Train Count Acc: 0.6502 | Val Count Acc: 0.4741
Final Count Acc: 0.3477
True Final Count Acc: 0.3398
Joint MSE: 0.843659
学习率: 0.000100
Epoch [53] Batch [0/3] Loss: 1.4760 Count Loss: 1.2720 Motion Loss: 0.6800 Count Acc: 0.5284

Epoch [53] - Time: 10.54s
Train Loss: 1.2910 | Val Loss: 1.7415
Train Count Acc: 0.5812 | Val Count Acc: 0.4812
Final Count Acc: 0.3203
True Final Count Acc: 0.4062
Joint MSE: 0.820555
学习率: 0.000100
Checkpoint saved: ./scratch/Ball_counting_CNN/Final_result/Embodiment_Full/5data/check_points/checkpoint_epoch_53.pth
Epoch [54] Batch [0/3] Loss: 1.1112 Count Loss: 0.8925 Motion Loss: 0.7291 Count Acc: 0.6591

Epoch [54] - Time: 10.56s
Train Loss: 1.1326 | Val Loss: 1.6855
Train Count Acc: 0.6740 | Val Count Acc: 0.4837
Final Count Acc: 0.3242
True Final Count Acc: 0.4609
Joint MSE: 0.813575
学习率: 0.000100
Epoch [55] Batch [0/3] Loss: 0.9344 Count Loss: 0.7265 Motion Loss: 0.6928 Count Acc: 0.8011

Epoch [55] - Time: 10.83s
Train Loss: 1.0390 | Val Loss: 1.6905
Train Count Acc: 0.7652 | Val Count Acc: 0.4943
Final Count Acc: 0.3164
True Final Count Acc: 0.4531
Joint MSE: 0.814708
学习率: 0.000100
Checkpoint saved: ./scratch/Ball_counting_CNN/Final_result/Embodiment_Full/5data/check_points/best_model.pth
Checkpoint saved: ./scratch/Ball_counting_CNN/Final_result/Embodiment_Full/5data/check_points/checkpoint_epoch_55.pth
Epoch [56] Batch [0/3] Loss: 0.9613 Count Loss: 0.7203 Motion Loss: 0.8034 Count Acc: 0.7500

Epoch [56] - Time: 10.89s
Train Loss: 1.0502 | Val Loss: 1.7536
Train Count Acc: 0.7254 | Val Count Acc: 0.4869
Final Count Acc: 0.3281
True Final Count Acc: 0.4180
Joint MSE: 0.810628
学习率: 0.000100
Epoch [57] Batch [0/3] Loss: 1.1666 Count Loss: 0.9632 Motion Loss: 0.6778 Count Acc: 0.6420

Epoch [57] - Time: 10.79s
Train Loss: 1.0921 | Val Loss: 1.7761
Train Count Acc: 0.6764 | Val Count Acc: 0.4734
Final Count Acc: 0.3008
True Final Count Acc: 0.4141
Joint MSE: 0.805619
学习率: 0.000100
Checkpoint saved: ./scratch/Ball_counting_CNN/Final_result/Embodiment_Full/5data/check_points/checkpoint_epoch_57.pth
Epoch [58] Batch [0/3] Loss: 0.9239 Count Loss: 0.7067 Motion Loss: 0.7240 Count Acc: 0.7898

Epoch [58] - Time: 10.96s
Train Loss: 1.0648 | Val Loss: 1.7732
Train Count Acc: 0.7029 | Val Count Acc: 0.4808
Final Count Acc: 0.3164
True Final Count Acc: 0.4219
Joint MSE: 0.805459
学习率: 0.000100
Epoch [59] Batch [0/3] Loss: 0.9408 Count Loss: 0.7487 Motion Loss: 0.6403 Count Acc: 0.8125

Epoch [59] - Time: 10.58s
Train Loss: 0.9942 | Val Loss: 1.7448
Train Count Acc: 0.7589 | Val Count Acc: 0.4901
Final Count Acc: 0.3320
True Final Count Acc: 0.4102
Joint MSE: 0.802383
学习率: 0.000100
Checkpoint saved: ./scratch/Ball_counting_CNN/Final_result/Embodiment_Full/5data/check_points/checkpoint_epoch_59.pth
Epoch [60] Batch [0/3] Loss: 1.0421 Count Loss: 0.8438 Motion Loss: 0.6612 Count Acc: 0.7330

Epoch [60] - Time: 10.59s
Train Loss: 0.9663 | Val Loss: 1.7769
Train Count Acc: 0.7576 | Val Count Acc: 0.4656
Final Count Acc: 0.2617
True Final Count Acc: 0.4570
Joint MSE: 0.800657
学习率: 0.000100
Epoch [61] Batch [0/3] Loss: 0.8404 Count Loss: 0.6409 Motion Loss: 0.6649 Count Acc: 0.8295

Epoch [61] - Time: 11.00s
Train Loss: 1.0138 | Val Loss: 1.7282
Train Count Acc: 0.7332 | Val Count Acc: 0.4929
Final Count Acc: 0.3203
True Final Count Acc: 0.4570
Joint MSE: 0.811205
学习率: 0.000100
Checkpoint saved: ./scratch/Ball_counting_CNN/Final_result/Embodiment_Full/5data/check_points/checkpoint_epoch_61.pth
Epoch [62] Batch [0/3] Loss: 0.8827 Count Loss: 0.6894 Motion Loss: 0.6444 Count Acc: 0.8352

Epoch [62] - Time: 10.53s
Train Loss: 0.9929 | Val Loss: 1.7086
Train Count Acc: 0.7814 | Val Count Acc: 0.4993
Final Count Acc: 0.3242
True Final Count Acc: 0.4414
Joint MSE: 0.817484
学习率: 0.000100
Checkpoint saved: ./scratch/Ball_counting_CNN/Final_result/Embodiment_Full/5data/check_points/best_model.pth
Epoch [63] Batch [0/3] Loss: 0.9392 Count Loss: 0.7266 Motion Loss: 0.7089 Count Acc: 0.7784

Epoch [63] - Time: 10.53s
Train Loss: 0.9335 | Val Loss: 1.7395
Train Count Acc: 0.7581 | Val Count Acc: 0.5028
Final Count Acc: 0.3477
True Final Count Acc: 0.4336
Joint MSE: 0.819216
学习率: 0.000100
Checkpoint saved: ./scratch/Ball_counting_CNN/Final_result/Embodiment_Full/5data/check_points/best_model.pth
Checkpoint saved: ./scratch/Ball_counting_CNN/Final_result/Embodiment_Full/5data/check_points/checkpoint_epoch_63.pth
Epoch [64] Batch [0/3] Loss: 1.0991 Count Loss: 0.8653 Motion Loss: 0.7792 Count Acc: 0.7102

Epoch [64] - Time: 10.75s
Train Loss: 0.9496 | Val Loss: 1.7046
Train Count Acc: 0.7687 | Val Count Acc: 0.5050
Final Count Acc: 0.3281
True Final Count Acc: 0.4727
Joint MSE: 0.816502
学习率: 0.000100
Checkpoint saved: ./scratch/Ball_counting_CNN/Final_result/Embodiment_Full/5data/check_points/best_model.pth
Epoch [65] Batch [0/3] Loss: 0.9413 Count Loss: 0.7353 Motion Loss: 0.6869 Count Acc: 0.7614

Epoch [65] - Time: 10.69s
Train Loss: 0.9141 | Val Loss: 1.7261
Train Count Acc: 0.7776 | Val Count Acc: 0.5071
Final Count Acc: 0.3281
True Final Count Acc: 0.4844
Joint MSE: 0.815507
学习率: 0.000100
Checkpoint saved: ./scratch/Ball_counting_CNN/Final_result/Embodiment_Full/5data/check_points/best_model.pth
Checkpoint saved: ./scratch/Ball_counting_CNN/Final_result/Embodiment_Full/5data/check_points/checkpoint_epoch_65.pth
Epoch [66] Batch [0/3] Loss: 0.8532 Count Loss: 0.6449 Motion Loss: 0.6943 Count Acc: 0.8182

Epoch [66] - Time: 11.18s
Train Loss: 0.8925 | Val Loss: 1.7347
Train Count Acc: 0.7695 | Val Count Acc: 0.4982
Final Count Acc: 0.3281
True Final Count Acc: 0.4336
Joint MSE: 0.812432
学习率: 0.000100
Epoch [67] Batch [0/3] Loss: 0.7998 Count Loss: 0.6424 Motion Loss: 0.5245 Count Acc: 0.8068

Epoch [67] - Time: 10.89s
Train Loss: 0.8432 | Val Loss: 1.7469
Train Count Acc: 0.7982 | Val Count Acc: 0.5057
Final Count Acc: 0.3320
True Final Count Acc: 0.4609
Joint MSE: 0.812436
学习率: 0.000100
Checkpoint saved: ./scratch/Ball_counting_CNN/Final_result/Embodiment_Full/5data/check_points/checkpoint_epoch_67.pth
Epoch [68] Batch [0/3] Loss: 0.9027 Count Loss: 0.7087 Motion Loss: 0.6466 Count Acc: 0.7273

Epoch [68] - Time: 10.58s
Train Loss: 0.8564 | Val Loss: 1.8601
Train Count Acc: 0.7646 | Val Count Acc: 0.4940
Final Count Acc: 0.3281
True Final Count Acc: 0.3906
Joint MSE: 0.821845
学习率: 0.000100
Epoch [69] Batch [0/3] Loss: 1.0671 Count Loss: 0.9069 Motion Loss: 0.5338 Count Acc: 0.6364

Epoch [69] - Time: 10.63s
Train Loss: 0.8673 | Val Loss: 1.7120
Train Count Acc: 0.7687 | Val Count Acc: 0.5092
Final Count Acc: 0.3281
True Final Count Acc: 0.4688
Joint MSE: 0.810268
学习率: 0.000100
Checkpoint saved: ./scratch/Ball_counting_CNN/Final_result/Embodiment_Full/5data/check_points/best_model.pth
Checkpoint saved: ./scratch/Ball_counting_CNN/Final_result/Embodiment_Full/5data/check_points/checkpoint_epoch_69.pth
Epoch [70] Batch [0/3] Loss: 0.7336 Count Loss: 0.5086 Motion Loss: 0.7497 Count Acc: 0.8409

Epoch [70] - Time: 10.76s
Train Loss: 0.8174 | Val Loss: 1.7450
Train Count Acc: 0.7803 | Val Count Acc: 0.5064
Final Count Acc: 0.3203
True Final Count Acc: 0.4805
Joint MSE: 0.808625
学习率: 0.000100
Epoch [71] Batch [0/3] Loss: 0.6370 Count Loss: 0.4970 Motion Loss: 0.4669 Count Acc: 0.8580

Epoch [71] - Time: 11.21s
Train Loss: 0.8433 | Val Loss: 1.7566
Train Count Acc: 0.7684 | Val Count Acc: 0.5149
Final Count Acc: 0.3359
True Final Count Acc: 0.4414
Joint MSE: 0.812820
学习率: 0.000100
Checkpoint saved: ./scratch/Ball_counting_CNN/Final_result/Embodiment_Full/5data/check_points/best_model.pth
Checkpoint saved: ./scratch/Ball_counting_CNN/Final_result/Embodiment_Full/5data/check_points/checkpoint_epoch_71.pth
Epoch [72] Batch [0/3] Loss: 0.7322 Count Loss: 0.5375 Motion Loss: 0.6492 Count Acc: 0.8182

Epoch [72] - Time: 10.94s
Train Loss: 0.9080 | Val Loss: 1.8053
Train Count Acc: 0.7365 | Val Count Acc: 0.4812
Final Count Acc: 0.3164
True Final Count Acc: 0.4922
Joint MSE: 0.815154
学习率: 0.000100
Epoch [73] Batch [0/3] Loss: 0.8116 Count Loss: 0.6376 Motion Loss: 0.5799 Count Acc: 0.8239

Epoch [73] - Time: 10.98s
Train Loss: 0.8413 | Val Loss: 1.7112
Train Count Acc: 0.7863 | Val Count Acc: 0.5195
Final Count Acc: 0.3477
True Final Count Acc: 0.4492
Joint MSE: 0.797870
学习率: 0.000100
Checkpoint saved: ./scratch/Ball_counting_CNN/Final_result/Embodiment_Full/5data/check_points/best_model.pth
Checkpoint saved: ./scratch/Ball_counting_CNN/Final_result/Embodiment_Full/5data/check_points/checkpoint_epoch_73.pth
Epoch [74] Batch [0/3] Loss: 0.9237 Count Loss: 0.7684 Motion Loss: 0.5176 Count Acc: 0.7216

Epoch [74] - Time: 10.72s
Train Loss: 0.7560 | Val Loss: 1.7516
Train Count Acc: 0.7938 | Val Count Acc: 0.5138
Final Count Acc: 0.3477
True Final Count Acc: 0.4766
Joint MSE: 0.796840
学习率: 0.000100
Epoch [75] Batch [0/3] Loss: 0.8295 Count Loss: 0.5990 Motion Loss: 0.7684 Count Acc: 0.7727

Epoch [75] - Time: 10.97s
Train Loss: 0.7343 | Val Loss: 1.7479
Train Count Acc: 0.8117 | Val Count Acc: 0.5202
Final Count Acc: 0.3398
True Final Count Acc: 0.5000
Joint MSE: 0.794533
学习率: 0.000100
Checkpoint saved: ./scratch/Ball_counting_CNN/Final_result/Embodiment_Full/5data/check_points/best_model.pth
Checkpoint saved: ./scratch/Ball_counting_CNN/Final_result/Embodiment_Full/5data/check_points/checkpoint_epoch_75.pth
Epoch [76] Batch [0/3] Loss: 0.7171 Count Loss: 0.5742 Motion Loss: 0.4764 Count Acc: 0.8352

Epoch [76] - Time: 10.79s
Train Loss: 0.7440 | Val Loss: 1.7691
Train Count Acc: 0.8325 | Val Count Acc: 0.5181
Final Count Acc: 0.3320
True Final Count Acc: 0.4922
Joint MSE: 0.797862
学习率: 0.000100
Epoch [77] Batch [0/3] Loss: 0.8000 Count Loss: 0.6205 Motion Loss: 0.5985 Count Acc: 0.8466

Epoch [77] - Time: 10.88s
Train Loss: 0.7627 | Val Loss: 1.7643
Train Count Acc: 0.8168 | Val Count Acc: 0.5110
Final Count Acc: 0.3320
True Final Count Acc: 0.4648
Joint MSE: 0.797156
学习率: 0.000100
Checkpoint saved: ./scratch/Ball_counting_CNN/Final_result/Embodiment_Full/5data/check_points/checkpoint_epoch_77.pth
Epoch [78] Batch [0/3] Loss: 0.8180 Count Loss: 0.6245 Motion Loss: 0.6450 Count Acc: 0.7955

Epoch [78] - Time: 10.80s
Train Loss: 0.7337 | Val Loss: 1.7771
Train Count Acc: 0.8285 | Val Count Acc: 0.5082
Final Count Acc: 0.3320
True Final Count Acc: 0.4453
Joint MSE: 0.795943
学习率: 0.000100
Epoch [79] Batch [0/3] Loss: 0.6734 Count Loss: 0.5074 Motion Loss: 0.5533 Count Acc: 0.8750

Epoch [79] - Time: 10.65s
Train Loss: 0.6926 | Val Loss: 1.8209
Train Count Acc: 0.8366 | Val Count Acc: 0.5142
Final Count Acc: 0.3359
True Final Count Acc: 0.4531
Joint MSE: 0.800415
学习率: 0.000100
Checkpoint saved: ./scratch/Ball_counting_CNN/Final_result/Embodiment_Full/5data/check_points/checkpoint_epoch_79.pth
Epoch [80] Batch [0/3] Loss: 0.8897 Count Loss: 0.7063 Motion Loss: 0.6115 Count Acc: 0.7557

Epoch [80] - Time: 11.06s
Train Loss: 0.7401 | Val Loss: 1.8239
Train Count Acc: 0.8212 | Val Count Acc: 0.5213
Final Count Acc: 0.3477
True Final Count Acc: 0.4766
Joint MSE: 0.802599
学习率: 0.000100
Checkpoint saved: ./scratch/Ball_counting_CNN/Final_result/Embodiment_Full/5data/check_points/best_model.pth
Epoch [81] Batch [0/3] Loss: 0.5804 Count Loss: 0.3968 Motion Loss: 0.6122 Count Acc: 0.8864

Epoch [81] - Time: 10.71s
Train Loss: 0.7573 | Val Loss: 1.8229
Train Count Acc: 0.7927 | Val Count Acc: 0.5174
Final Count Acc: 0.3516
True Final Count Acc: 0.4961
Joint MSE: 0.807987
学习率: 0.000100
Checkpoint saved: ./scratch/Ball_counting_CNN/Final_result/Embodiment_Full/5data/check_points/checkpoint_epoch_81.pth
Epoch [82] Batch [0/3] Loss: 0.8493 Count Loss: 0.6348 Motion Loss: 0.7149 Count Acc: 0.7955

Epoch [82] - Time: 10.76s
Train Loss: 0.8490 | Val Loss: 1.8633
Train Count Acc: 0.7684 | Val Count Acc: 0.4954
Final Count Acc: 0.2930
True Final Count Acc: 0.5469
Joint MSE: 0.814874
学习率: 0.000100
Epoch [83] Batch [0/3] Loss: 0.8891 Count Loss: 0.6815 Motion Loss: 0.6921 Count Acc: 0.7898

Epoch [83] - Time: 10.65s
Train Loss: 0.7143 | Val Loss: 1.8189
Train Count Acc: 0.8393 | Val Count Acc: 0.5210
Final Count Acc: 0.3438
True Final Count Acc: 0.4570
Joint MSE: 0.791545
学习率: 0.000100
Checkpoint saved: ./scratch/Ball_counting_CNN/Final_result/Embodiment_Full/5data/check_points/checkpoint_epoch_83.pth
Epoch [84] Batch [0/3] Loss: 0.8917 Count Loss: 0.6966 Motion Loss: 0.6504 Count Acc: 0.7273
